{"name": "test_sub7", "status": "failed", "statusDetails": {"message": "AssertionError: assert (25 - 12) == 3", "trace": "@pytest.mark.smoke\n    def test_sub7():\n>       assert 25 - 12 == 3\nE       assert (25 - 12) == 3\n\nsrc\\python_coding_tasks\\October\\test_Task_112.py:45: AssertionError"}, "start": 1728507616806, "stop": 1728507616807, "uuid": "a6f77a36-7a9e-4e75-9262-e873d028f514", "historyId": "cd551938bcad31d4339ae3b4b07d7154", "testCaseId": "cd551938bcad31d4339ae3b4b07d7154", "fullName": "src.python_coding_tasks.October.test_Task_112#test_sub7", "labels": [{"name": "tag", "value": "smoke"}, {"name": "parentSuite", "value": "src.python_coding_tasks.October"}, {"name": "suite", "value": "test_Task_112"}, {"name": "host", "value": "LAPTOP-VJLEKT1O"}, {"name": "thread", "value": "4016-MainThread"}, {"name": "framework", "value": "pytest"}, {"name": "language", "value": "cpython3"}, {"name": "package", "value": "src.python_coding_tasks.October.test_Task_112"}]}